Using pre-set license
Built from '2020.3/staging' branch; Version is '2020.3.3f1 (76626098c1c4) revision 7758432'; Using compiler version '192528614'; Build Type 'Release'
OS: 'Windows 10 Pro; OS build 19042.867; Version 2009; 64bit' Language: 'en' Physical Memory: 16326 MB
BatchMode: 1, IsHumanControllingUs: 0, StartBugReporterOnCrash: 0, Is64bit: 1, IsPro: 0

 COMMAND LINE ARGUMENTS:
D:\Unity\2020.3.3f1\Editor\Unity.exe
-adb2
-batchMode
-noUpm
-name
AssetImportWorker0
-projectPath
D:/Unity/MyProjects/Scarecrow
-logFile
Logs/AssetImportWorker0.log
-srvPort
63581
Successfully changed project path to: D:/Unity/MyProjects/Scarecrow
D:/Unity/MyProjects/Scarecrow
Using Asset Import Pipeline V2.
Refreshing native plugins compatible for Editor in 19.29 ms, found 0 plugins.
Preloading 0 native plugins for Editor in 0.00 ms.
Initialize engine version: 2020.3.3f1 (76626098c1c4)
[Subsystems] Discovering subsystems at path D:/Unity/2020.3.3f1/Editor/Data/Resources/UnitySubsystems
[Subsystems] Discovering subsystems at path D:/Unity/MyProjects/Scarecrow/Assets
GfxDevice: creating device client; threaded=0
Direct3D:
    Version:  Direct3D 11.0 [level 11.1]
    Renderer: NVIDIA GeForce GTX 980 (ID=0x13c0)
    Vendor:   
    VRAM:     4053 MB
    Driver:   30.0.14.9649
Initialize mono
Mono path[0] = 'D:/Unity/2020.3.3f1/Editor/Data/Managed'
Mono path[1] = 'D:/Unity/2020.3.3f1/Editor/Data/MonoBleedingEdge/lib/mono/unityjit'
Mono config path = 'D:/Unity/2020.3.3f1/Editor/Data/MonoBleedingEdge/etc'
Using monoOptions --debugger-agent=transport=dt_socket,embedding=1,server=y,suspend=n,address=127.0.0.1:56008
Begin MonoManager ReloadAssembly
Registering precompiled unity dll's ...
Register platform support module: D:/Unity/2020.3.3f1/Editor/Data/PlaybackEngines/WindowsStandaloneSupport/UnityEditor.WindowsStandalone.Extensions.dll
Registered in 0.000891 seconds.
Native extension for WindowsStandalone target not found
Refreshing native plugins compatible for Editor in 19.50 ms, found 0 plugins.
Preloading 0 native plugins for Editor in 0.00 ms.
Invoked RoslynAnalysisRunner static constructor.
RoslynAnalysisRunner will not be running.
RoslynAnalysisRunner has terminated.
Mono: successfully reloaded assembly
- Completed reload, in  0.745 seconds
Platform modules already initialized, skipping
Registering precompiled user dll's ...
Registered in 0.000386 seconds.
Begin MonoManager ReloadAssembly
Native extension for WindowsStandalone target not found
Refreshing native plugins compatible for Editor in 0.19 ms, found 0 plugins.
Preloading 0 native plugins for Editor in 0.00 ms.
Invoked RoslynAnalysisRunner static constructor.
RoslynAnalysisRunner will not be running.
RoslynAnalysisRunner has terminated.
Mono: successfully reloaded assembly
- Completed reload, in  0.724 seconds
Platform modules already initialized, skipping
========================================================================
Worker process is ready to serve import requests
Launched and connected shader compiler UnityShaderCompiler.exe after 0.05 seconds
Refreshing native plugins compatible for Editor in 0.19 ms, found 0 plugins.
Preloading 0 native plugins for Editor in 0.00 ms.
Unloading 1115 Unused Serialized files (Serialized files now loaded: 0)
System memory in use before: 57.0 MB.
System memory in use after: 57.1 MB.

Unloading 10 unused Assets to reduce memory usage. Loaded Objects now: 1557.
Total: 1.645900 ms (FindLiveObjects: 0.108300 ms CreateObjectMapping: 0.033400 ms MarkObjects: 1.437200 ms  DeleteObjects: 0.066400 ms)

========================================================================
Received Import Request.
  path: Assets
  artifactKey: Guid(00000000000000001000000000000000) Importer(815301076,1909f56bfc062723c751e8b465ee728b)
Start importing Assets using Guid(00000000000000001000000000000000) Importer(815301076,1909f56bfc062723c751e8b465ee728b)  -> (artifact id: 'b2e0e235c0f4af3754229b664788db90') in 0.007972 seconds
  Import took 0.010278 seconds .

========================================================================
Received Import Request.
  Time since last request: 5.137713 seconds.
  path: Assets/Pbjects
  artifactKey: Guid(1ce1bff26a976dd44b1cfeb8248aa698) Importer(815301076,1909f56bfc062723c751e8b465ee728b)
Start importing Assets/Pbjects using Guid(1ce1bff26a976dd44b1cfeb8248aa698) Importer(815301076,1909f56bfc062723c751e8b465ee728b)  -> (artifact id: 'eade66bb83894965c6cbe0e6d796e66c') in 0.006211 seconds
  Import took 0.008429 seconds .

========================================================================
Received Import Request.
  Time since last request: 5.134069 seconds.
  path: Assets/Objects
  artifactKey: Guid(1ce1bff26a976dd44b1cfeb8248aa698) Importer(815301076,1909f56bfc062723c751e8b465ee728b)
Start importing Assets/Objects using Guid(1ce1bff26a976dd44b1cfeb8248aa698) Importer(815301076,1909f56bfc062723c751e8b465ee728b)  -> (artifact id: 'e217f51747b8a4ae5bc7a336531410bb') in 0.006209 seconds
  Import took 0.008647 seconds .

========================================================================
Received Import Request.
  Time since last request: 241.720277 seconds.
  path: Assets/True_Horror
  artifactKey: Guid(5cff3373ecfabd743912e24592464d36) Importer(815301076,1909f56bfc062723c751e8b465ee728b)
Start importing Assets/True_Horror using Guid(5cff3373ecfabd743912e24592464d36) Importer(815301076,1909f56bfc062723c751e8b465ee728b)  -> (artifact id: 'b20e1ab82c6c8fb8560c4742fc179560') in 0.006563 seconds
  Import took 0.009026 seconds .

========================================================================
Received Import Request.
  Time since last request: 0.642475 seconds.
  path: Assets/Scenes
  artifactKey: Guid(9636ae508155988498d3ac11ed74deb9) Importer(815301076,1909f56bfc062723c751e8b465ee728b)
Start importing Assets/Scenes using Guid(9636ae508155988498d3ac11ed74deb9) Importer(815301076,1909f56bfc062723c751e8b465ee728b)  -> (artifact id: '75b2a0dfc5c4ba2299f4742bfdcd48f3') in 0.007786 seconds
  Import took 0.009685 seconds .

========================================================================
Received Import Request.
  Time since last request: 2.737566 seconds.
  path: Assets/Pistol 92
  artifactKey: Guid(9a683160e0201014684020d70754fa21) Importer(815301076,1909f56bfc062723c751e8b465ee728b)
Start importing Assets/Pistol 92 using Guid(9a683160e0201014684020d70754fa21) Importer(815301076,1909f56bfc062723c751e8b465ee728b)  -> (artifact id: 'c01394e21a6b13f154ced8cae92d3414') in 0.007304 seconds
  Import took 0.009125 seconds .

========================================================================
Received Import Request.
  Time since last request: 0.002422 seconds.
  path: Assets/Pistol 92
  artifactKey: Guid(9a683160e0201014684020d70754fa21) Importer(815301076,1909f56bfc062723c751e8b465ee728b)
Start importing Assets/Pistol 92 using Guid(9a683160e0201014684020d70754fa21) Importer(815301076,1909f56bfc062723c751e8b465ee728b)  -> (artifact id: 'c01394e21a6b13f154ced8cae92d3414') in 0.001588 seconds
  Import took 0.003574 seconds .

========================================================================
Received Import Request.
  Time since last request: 639.987131 seconds.
  path: Assets/Materials
  artifactKey: Guid(f6d5c52698274294ea7535a7ec4243f4) Importer(815301076,1909f56bfc062723c751e8b465ee728b)
Start importing Assets/Materials using Guid(f6d5c52698274294ea7535a7ec4243f4) Importer(815301076,1909f56bfc062723c751e8b465ee728b)  -> (artifact id: 'a5fff1258a94bacd0222e6c038b3b498') in 0.007670 seconds
  Import took 0.009736 seconds .

========================================================================
Received Import Request.
  Time since last request: 1.168360 seconds.
  path: Assets/Stylize Water Texture
  artifactKey: Guid(cad62da3b9322384daf1539ee263e6e1) Importer(815301076,1909f56bfc062723c751e8b465ee728b)
Start importing Assets/Stylize Water Texture using Guid(cad62da3b9322384daf1539ee263e6e1) Importer(815301076,1909f56bfc062723c751e8b465ee728b)  -> (artifact id: 'a3c83445aac970ea272bc75a09f59648') in 0.005666 seconds
  Import took 0.007630 seconds .

========================================================================
Received Import Request.
  Time since last request: 0.376576 seconds.
  path: Assets/Stylized Lava PBR Texture
  artifactKey: Guid(08cf8ccf601e4bd4aabbb8357f6f6ff3) Importer(815301076,1909f56bfc062723c751e8b465ee728b)
Start importing Assets/Stylized Lava PBR Texture using Guid(08cf8ccf601e4bd4aabbb8357f6f6ff3) Importer(815301076,1909f56bfc062723c751e8b465ee728b)  -> (artifact id: '63969f6c2abaa8bc27a4690f427fd2b9') in 0.007549 seconds
  Import took 0.009374 seconds .

========================================================================
Received Import Request.
  Time since last request: 9.741012 seconds.
  path: Assets/Objects/HQ_BigRock
  artifactKey: Guid(b2a868c43c89dd74e8d919d560fa8545) Importer(815301076,1909f56bfc062723c751e8b465ee728b)
Start importing Assets/Objects/HQ_BigRock using Guid(b2a868c43c89dd74e8d919d560fa8545) Importer(815301076,1909f56bfc062723c751e8b465ee728b)  -> (artifact id: 'ffbcce3c092334f634e81be609d4791b') in 0.006253 seconds
  Import took 0.008408 seconds .

========================================================================
Received Import Request.
  Time since last request: 0.002512 seconds.
  path: Assets/Objects/HQ_BigRock
  artifactKey: Guid(b2a868c43c89dd74e8d919d560fa8545) Importer(815301076,1909f56bfc062723c751e8b465ee728b)
Start importing Assets/Objects/HQ_BigRock using Guid(b2a868c43c89dd74e8d919d560fa8545) Importer(815301076,1909f56bfc062723c751e8b465ee728b)  -> (artifact id: 'ffbcce3c092334f634e81be609d4791b') in 0.002797 seconds
  Import took 0.004886 seconds .

========================================================================
Received Import Request.
  Time since last request: 112.313137 seconds.
  path: Assets/New Terrain.asset
  artifactKey: Guid(4e43b53ff21e00d4c81de165e6481d64) Importer(815301076,1909f56bfc062723c751e8b465ee728b)
Start importing Assets/New Terrain.asset using Guid(4e43b53ff21e00d4c81de165e6481d64) Importer(815301076,1909f56bfc062723c751e8b465ee728b)  -> (artifact id: '40e398f35b34d399e28ed2b8dce63420') in 0.058356 seconds
  Import took 0.061017 seconds .

========================================================================
Received Import Request.
  Time since last request: 137.323590 seconds.
  path: Assets/Objects/True_Horror/True_Scarecrow/Materials/true_scarecrow_diffuse.png
  artifactKey: Guid(9fdba9c6fd87cdd4db97a0e49f450c9c) Importer(815301076,1909f56bfc062723c751e8b465ee728b)
Start importing Assets/Objects/True_Horror/True_Scarecrow/Materials/true_scarecrow_diffuse.png using Guid(9fdba9c6fd87cdd4db97a0e49f450c9c) Importer(815301076,1909f56bfc062723c751e8b465ee728b)  -> (artifact id: '8a930cf2e69515fcfb8b53836f5870e6') in 0.066268 seconds
  Import took 0.068549 seconds .

========================================================================
Received Import Request.
  Time since last request: 48.370891 seconds.
  path: Assets/Scripts
  artifactKey: Guid(beb6a0ab7f0ff324ca66344869bdee8d) Importer(815301076,1909f56bfc062723c751e8b465ee728b)
Start importing Assets/Scripts using Guid(beb6a0ab7f0ff324ca66344869bdee8d) Importer(815301076,1909f56bfc062723c751e8b465ee728b)  -> (artifact id: 'e4df314af2ec77304530c3872187a009') in 0.009120 seconds
  Import took 0.011175 seconds .

========================================================================
Received Import Request.
  Time since last request: 7.209848 seconds.
  path: Assets/Scripts/Player
  artifactKey: Guid(a85d93bd77b4d704db7961c5ffb88f5c) Importer(815301076,1909f56bfc062723c751e8b465ee728b)
Start importing Assets/Scripts/Player using Guid(a85d93bd77b4d704db7961c5ffb88f5c) Importer(815301076,1909f56bfc062723c751e8b465ee728b)  -> (artifact id: 'fd6e4fbfcb97025833822721ca794081') in 0.007273 seconds
  Import took 0.009517 seconds .

========================================================================
Received Import Request.
  Time since last request: 5.652163 seconds.
  path: Assets/Scripts/Player/Controll.cs
  artifactKey: Guid(7ddc418d1933ec646b92cad9807b29af) Importer(815301076,1909f56bfc062723c751e8b465ee728b)
Start importing Assets/Scripts/Player/Controll.cs using Guid(7ddc418d1933ec646b92cad9807b29af) Importer(815301076,1909f56bfc062723c751e8b465ee728b)  -> (artifact id: '0037b6e781e7ac354fe3aad2a146b5de') in 0.015214 seconds
  Import took 0.017085 seconds .

========================================================================
Received Prepare
Registering precompiled user dll's ...
Registered in 0.000446 seconds.
Begin MonoManager ReloadAssembly
Native extension for WindowsStandalone target not found
Refreshing native plugins compatible for Editor in 0.21 ms, found 0 plugins.
Preloading 0 native plugins for Editor in 0.00 ms.
Invoked RoslynAnalysisRunner static constructor.
RoslynAnalysisRunner will not be running.
RoslynAnalysisRunner has terminated.
Mono: successfully reloaded assembly
- Completed reload, in  0.736 seconds
Platform modules already initialized, skipping
Refreshing native plugins compatible for Editor in 0.24 ms, found 0 plugins.
Preloading 0 native plugins for Editor in 0.00 ms.
Unloading 1111 Unused Serialized files (Serialized files now loaded: 0)
System memory in use before: 57.9 MB.
System memory in use after: 57.4 MB.

Unloading 7 unused Assets to reduce memory usage. Loaded Objects now: 1564.
Total: 3.575000 ms (FindLiveObjects: 0.207600 ms CreateObjectMapping: 0.070800 ms MarkObjects: 1.765400 ms  DeleteObjects: 1.530200 ms)

========================================================================
Received Prepare
Registering precompiled user dll's ...
Registered in 0.000789 seconds.
Begin MonoManager ReloadAssembly
Native extension for WindowsStandalone target not found
Refreshing native plugins compatible for Editor in 0.21 ms, found 0 plugins.
Preloading 0 native plugins for Editor in 0.00 ms.
Invoked RoslynAnalysisRunner static constructor.
RoslynAnalysisRunner will not be running.
RoslynAnalysisRunner has terminated.
Mono: successfully reloaded assembly
- Completed reload, in  0.720 seconds
Platform modules already initialized, skipping
Refreshing native plugins compatible for Editor in 0.23 ms, found 0 plugins.
Preloading 0 native plugins for Editor in 0.00 ms.
Unloading 1111 Unused Serialized files (Serialized files now loaded: 0)
System memory in use before: 57.4 MB.
System memory in use after: 57.5 MB.

Unloading 5 unused Assets to reduce memory usage. Loaded Objects now: 1567.
Total: 1.576500 ms (FindLiveObjects: 0.156200 ms CreateObjectMapping: 0.034700 ms MarkObjects: 1.337000 ms  DeleteObjects: 0.047900 ms)

========================================================================
Received Import Request.
  Time since last request: 51.691880 seconds.
  path: Assets/Scripts/Player/Controll.cs
  artifactKey: Guid(7ddc418d1933ec646b92cad9807b29af) Importer(815301076,1909f56bfc062723c751e8b465ee728b)
Start importing Assets/Scripts/Player/Controll.cs using Guid(7ddc418d1933ec646b92cad9807b29af) Importer(815301076,1909f56bfc062723c751e8b465ee728b)  -> (artifact id: '6d34660b073d06b203cf97f39285f2bb') in 0.003376 seconds
  Import took 0.005268 seconds .

========================================================================
Received Prepare
Registering precompiled user dll's ...
Registered in 0.000757 seconds.
Begin MonoManager ReloadAssembly
Native extension for WindowsStandalone target not found
Refreshing native plugins compatible for Editor in 0.34 ms, found 0 plugins.
Preloading 0 native plugins for Editor in 0.00 ms.
Invoked RoslynAnalysisRunner static constructor.
RoslynAnalysisRunner will not be running.
RoslynAnalysisRunner has terminated.
Mono: successfully reloaded assembly
- Completed reload, in  0.900 seconds
Platform modules already initialized, skipping
Refreshing native plugins compatible for Editor in 0.20 ms, found 0 plugins.
Preloading 0 native plugins for Editor in 0.00 ms.
Unloading 1111 Unused Serialized files (Serialized files now loaded: 0)
System memory in use before: 57.4 MB.
System memory in use after: 57.5 MB.

Unloading 5 unused Assets to reduce memory usage. Loaded Objects now: 1570.
Total: 1.532700 ms (FindLiveObjects: 0.144800 ms CreateObjectMapping: 0.035000 ms MarkObjects: 1.298400 ms  DeleteObjects: 0.053700 ms)

========================================================================
Received Prepare
Registering precompiled user dll's ...
Registered in 0.000498 seconds.
Begin MonoManager ReloadAssembly
Native extension for WindowsStandalone target not found
Refreshing native plugins compatible for Editor in 0.28 ms, found 0 plugins.
Preloading 0 native plugins for Editor in 0.00 ms.
Invoked RoslynAnalysisRunner static constructor.
RoslynAnalysisRunner will not be running.
RoslynAnalysisRunner has terminated.
Mono: successfully reloaded assembly
- Completed reload, in  0.727 seconds
Platform modules already initialized, skipping
Refreshing native plugins compatible for Editor in 0.20 ms, found 0 plugins.
Preloading 0 native plugins for Editor in 0.00 ms.
Unloading 1111 Unused Serialized files (Serialized files now loaded: 0)
System memory in use before: 57.4 MB.
System memory in use after: 57.5 MB.

Unloading 5 unused Assets to reduce memory usage. Loaded Objects now: 1573.
Total: 2.035900 ms (FindLiveObjects: 0.260000 ms CreateObjectMapping: 0.112300 ms MarkObjects: 1.607700 ms  DeleteObjects: 0.054800 ms)

========================================================================
Received Import Request.
  Time since last request: 1441.223201 seconds.
  path: Assets/Scripts/Player/Controll.cs
  artifactKey: Guid(7ddc418d1933ec646b92cad9807b29af) Importer(815301076,1909f56bfc062723c751e8b465ee728b)
Start importing Assets/Scripts/Player/Controll.cs using Guid(7ddc418d1933ec646b92cad9807b29af) Importer(815301076,1909f56bfc062723c751e8b465ee728b)  -> (artifact id: '20c77ae6c0bf6b7949db93db36b51343') in 0.003991 seconds
  Import took 0.006571 seconds .

========================================================================
Received Import Request.
  Time since last request: 2.726936 seconds.
  path: Assets/Scripts/Player/PlayerControll.cs
  artifactKey: Guid(7ddc418d1933ec646b92cad9807b29af) Importer(815301076,1909f56bfc062723c751e8b465ee728b)
Start importing Assets/Scripts/Player/PlayerControll.cs using Guid(7ddc418d1933ec646b92cad9807b29af) Importer(815301076,1909f56bfc062723c751e8b465ee728b)  -> (artifact id: '80fe88a322f572a07904076bc23427dc') in 0.009199 seconds
  Import took 0.011952 seconds .

========================================================================
Received Prepare
Registering precompiled user dll's ...
Registered in 0.000486 seconds.
Begin MonoManager ReloadAssembly
Native extension for WindowsStandalone target not found
Refreshing native plugins compatible for Editor in 0.33 ms, found 0 plugins.
Preloading 0 native plugins for Editor in 0.00 ms.
Invoked RoslynAnalysisRunner static constructor.
RoslynAnalysisRunner will not be running.
RoslynAnalysisRunner has terminated.
Mono: successfully reloaded assembly
- Completed reload, in  0.739 seconds
Platform modules already initialized, skipping
Refreshing native plugins compatible for Editor in 0.29 ms, found 0 plugins.
Preloading 0 native plugins for Editor in 0.00 ms.
Unloading 1111 Unused Serialized files (Serialized files now loaded: 0)
System memory in use before: 57.4 MB.
System memory in use after: 57.5 MB.

Unloading 5 unused Assets to reduce memory usage. Loaded Objects now: 1576.
Total: 2.220500 ms (FindLiveObjects: 0.143900 ms CreateObjectMapping: 0.058500 ms MarkObjects: 1.933000 ms  DeleteObjects: 0.084300 ms)

========================================================================
Received Prepare
Registering precompiled user dll's ...
Registered in 0.000624 seconds.
Begin MonoManager ReloadAssembly
Native extension for WindowsStandalone target not found
Refreshing native plugins compatible for Editor in 0.21 ms, found 0 plugins.
Preloading 0 native plugins for Editor in 0.00 ms.
Invoked RoslynAnalysisRunner static constructor.
RoslynAnalysisRunner will not be running.
RoslynAnalysisRunner has terminated.
Mono: successfully reloaded assembly
- Completed reload, in  0.726 seconds
Platform modules already initialized, skipping
Refreshing native plugins compatible for Editor in 0.21 ms, found 0 plugins.
Preloading 0 native plugins for Editor in 0.00 ms.
Unloading 1111 Unused Serialized files (Serialized files now loaded: 0)
System memory in use before: 57.4 MB.
System memory in use after: 57.5 MB.

Unloading 5 unused Assets to reduce memory usage. Loaded Objects now: 1579.
Total: 1.738400 ms (FindLiveObjects: 0.155000 ms CreateObjectMapping: 0.066400 ms MarkObjects: 1.439900 ms  DeleteObjects: 0.076000 ms)

========================================================================
Received Import Request.
  Time since last request: 868.516943 seconds.
  path: Assets/Scripts/Player/PlayerControll.cs
  artifactKey: Guid(7ddc418d1933ec646b92cad9807b29af) Importer(815301076,1909f56bfc062723c751e8b465ee728b)
Start importing Assets/Scripts/Player/PlayerControll.cs using Guid(7ddc418d1933ec646b92cad9807b29af) Importer(815301076,1909f56bfc062723c751e8b465ee728b)  -> (artifact id: 'eea4097ca424f3ce64ce5e7ddd7a02c0') in 0.004362 seconds
  Import took 0.006271 seconds .

========================================================================
Received Import Request.
  Time since last request: 0.072985 seconds.
  path: Assets/Scripts/Player/PlayerControll.cs
  artifactKey: Guid(7ddc418d1933ec646b92cad9807b29af) Importer(815301076,1909f56bfc062723c751e8b465ee728b)
Start importing Assets/Scripts/Player/PlayerControll.cs using Guid(7ddc418d1933ec646b92cad9807b29af) Importer(815301076,1909f56bfc062723c751e8b465ee728b)  -> (artifact id: 'eea4097ca424f3ce64ce5e7ddd7a02c0') in 0.002401 seconds
  Import took 0.004199 seconds .

========================================================================
Received Prepare
Registering precompiled user dll's ...
Registered in 0.000494 seconds.
Begin MonoManager ReloadAssembly
Native extension for WindowsStandalone target not found
Refreshing native plugins compatible for Editor in 0.24 ms, found 0 plugins.
Preloading 0 native plugins for Editor in 0.00 ms.
Invoked RoslynAnalysisRunner static constructor.
RoslynAnalysisRunner will not be running.
RoslynAnalysisRunner has terminated.
Mono: successfully reloaded assembly
- Completed reload, in  0.734 seconds
Platform modules already initialized, skipping
Refreshing native plugins compatible for Editor in 0.24 ms, found 0 plugins.
Preloading 0 native plugins for Editor in 0.00 ms.
Unloading 1111 Unused Serialized files (Serialized files now loaded: 0)
System memory in use before: 57.4 MB.
System memory in use after: 57.5 MB.

Unloading 5 unused Assets to reduce memory usage. Loaded Objects now: 1582.
Total: 1.542500 ms (FindLiveObjects: 0.119900 ms CreateObjectMapping: 0.035300 ms MarkObjects: 1.342200 ms  DeleteObjects: 0.044100 ms)

========================================================================
Received Prepare
Registering precompiled user dll's ...
Registered in 0.000539 seconds.
Begin MonoManager ReloadAssembly
Native extension for WindowsStandalone target not found
Refreshing native plugins compatible for Editor in 0.23 ms, found 0 plugins.
Preloading 0 native plugins for Editor in 0.00 ms.
Invoked RoslynAnalysisRunner static constructor.
RoslynAnalysisRunner will not be running.
RoslynAnalysisRunner has terminated.
Mono: successfully reloaded assembly
- Completed reload, in  0.916 seconds
Platform modules already initialized, skipping
Refreshing native plugins compatible for Editor in 0.28 ms, found 0 plugins.
Preloading 0 native plugins for Editor in 0.00 ms.
Unloading 1112 Unused Serialized files (Serialized files now loaded: 0)
System memory in use before: 57.5 MB.
System memory in use after: 57.5 MB.

Unloading 5 unused Assets to reduce memory usage. Loaded Objects now: 1586.
Total: 1.537100 ms (FindLiveObjects: 0.177400 ms CreateObjectMapping: 0.035100 ms MarkObjects: 1.253700 ms  DeleteObjects: 0.069400 ms)

========================================================================
Received Import Request.
  Time since last request: 150.433099 seconds.
  path: Assets/Scripts/Player/PlayerInterface.cs
  artifactKey: Guid(5095f52034733b64cad57e734d37709b) Importer(815301076,1909f56bfc062723c751e8b465ee728b)
Start importing Assets/Scripts/Player/PlayerInterface.cs using Guid(5095f52034733b64cad57e734d37709b) Importer(815301076,1909f56bfc062723c751e8b465ee728b)  -> (artifact id: '6ad5a4719ff99fef05bed8ac1b0a84b1') in 0.009261 seconds
  Import took 0.012205 seconds .

========================================================================
Received Prepare
Registering precompiled user dll's ...
Registered in 0.000535 seconds.
Begin MonoManager ReloadAssembly
Native extension for WindowsStandalone target not found
Refreshing native plugins compatible for Editor in 0.30 ms, found 0 plugins.
Preloading 0 native plugins for Editor in 0.00 ms.
Invoked RoslynAnalysisRunner static constructor.
RoslynAnalysisRunner will not be running.
RoslynAnalysisRunner has terminated.
Mono: successfully reloaded assembly
- Completed reload, in  0.739 seconds
Platform modules already initialized, skipping
Refreshing native plugins compatible for Editor in 0.20 ms, found 0 plugins.
Preloading 0 native plugins for Editor in 0.00 ms.
Unloading 1112 Unused Serialized files (Serialized files now loaded: 0)
System memory in use before: 57.5 MB.
System memory in use after: 57.5 MB.

Unloading 5 unused Assets to reduce memory usage. Loaded Objects now: 1589.
Total: 1.871600 ms (FindLiveObjects: 0.186000 ms CreateObjectMapping: 0.032900 ms MarkObjects: 1.568700 ms  DeleteObjects: 0.083100 ms)

========================================================================
Received Prepare
Registering precompiled user dll's ...
Registered in 0.000468 seconds.
Begin MonoManager ReloadAssembly
Native extension for WindowsStandalone target not found
Refreshing native plugins compatible for Editor in 0.22 ms, found 0 plugins.
Preloading 0 native plugins for Editor in 0.00 ms.
Invoked RoslynAnalysisRunner static constructor.
RoslynAnalysisRunner will not be running.
RoslynAnalysisRunner has terminated.
Mono: successfully reloaded assembly
- Completed reload, in  0.794 seconds
Platform modules already initialized, skipping
Refreshing native plugins compatible for Editor in 0.25 ms, found 0 plugins.
Preloading 0 native plugins for Editor in 0.00 ms.
Unloading 1112 Unused Serialized files (Serialized files now loaded: 0)
System memory in use before: 57.5 MB.
System memory in use after: 57.6 MB.

Unloading 5 unused Assets to reduce memory usage. Loaded Objects now: 1592.
Total: 2.773900 ms (FindLiveObjects: 0.192900 ms CreateObjectMapping: 0.050300 ms MarkObjects: 2.461900 ms  DeleteObjects: 0.067600 ms)

========================================================================
Received Import Request.
  Time since last request: 52.484925 seconds.
  path: Assets/Scripts/Player/PlayerInterface.cs
  artifactKey: Guid(5095f52034733b64cad57e734d37709b) Importer(815301076,1909f56bfc062723c751e8b465ee728b)
Start importing Assets/Scripts/Player/PlayerInterface.cs using Guid(5095f52034733b64cad57e734d37709b) Importer(815301076,1909f56bfc062723c751e8b465ee728b)  -> (artifact id: 'ba3805394a66bfa675755a57d967163c') in 0.004276 seconds
  Import took 0.007205 seconds .

========================================================================
Received Prepare
Registering precompiled user dll's ...
Registered in 0.000480 seconds.
Begin MonoManager ReloadAssembly
Native extension for WindowsStandalone target not found
Refreshing native plugins compatible for Editor in 0.21 ms, found 0 plugins.
Preloading 0 native plugins for Editor in 0.00 ms.
Invoked RoslynAnalysisRunner static constructor.
RoslynAnalysisRunner will not be running.
RoslynAnalysisRunner has terminated.
Mono: successfully reloaded assembly
- Completed reload, in  0.762 seconds
Platform modules already initialized, skipping
Refreshing native plugins compatible for Editor in 0.21 ms, found 0 plugins.
Preloading 0 native plugins for Editor in 0.00 ms.
Unloading 1112 Unused Serialized files (Serialized files now loaded: 0)
System memory in use before: 57.5 MB.
System memory in use after: 57.6 MB.

Unloading 5 unused Assets to reduce memory usage. Loaded Objects now: 1595.
Total: 2.124600 ms (FindLiveObjects: 0.229400 ms CreateObjectMapping: 0.095300 ms MarkObjects: 1.745600 ms  DeleteObjects: 0.053000 ms)

========================================================================
Received Import Request.
  Time since last request: 129.532137 seconds.
  path: Assets/Scripts/Player/PlayerInterface.cs
  artifactKey: Guid(5095f52034733b64cad57e734d37709b) Importer(815301076,1909f56bfc062723c751e8b465ee728b)
Start importing Assets/Scripts/Player/PlayerInterface.cs using Guid(5095f52034733b64cad57e734d37709b) Importer(815301076,1909f56bfc062723c751e8b465ee728b)  -> (artifact id: 'fb269900ff6fec335095aab709b0d069') in 0.003284 seconds
  Import took 0.005059 seconds .

========================================================================
Received Import Request.
  Time since last request: 203.558892 seconds.
  path: Assets/Objects/HQ_BigRock/Scene.unity
  artifactKey: Guid(170fe88232e4f6040bc10de7cae93e65) Importer(815301076,1909f56bfc062723c751e8b465ee728b)
Start importing Assets/Objects/HQ_BigRock/Scene.unity using Guid(170fe88232e4f6040bc10de7cae93e65) Importer(815301076,1909f56bfc062723c751e8b465ee728b)  -> (artifact id: '1a3f4fd305c9096e8e7d98ad647b9db0') in 0.013657 seconds
  Import took 0.015776 seconds .

========================================================================
Received Import Request.
  Time since last request: 3.289369 seconds.
  path: Assets/Objects/HQ_BigRock/SceneSettings.lighting
  artifactKey: Guid(da478bf90c735214b93772b5eea4d055) Importer(815301076,1909f56bfc062723c751e8b465ee728b)
Start importing Assets/Objects/HQ_BigRock/SceneSettings.lighting using Guid(da478bf90c735214b93772b5eea4d055) Importer(815301076,1909f56bfc062723c751e8b465ee728b) LightingSettings: switching bake backend from 1 to 0.
 -> (artifact id: '9aca1f52a9d3f165fae58489061dcef2') in 0.007616 seconds
  Import took 0.009607 seconds .

========================================================================
Received Import Request.
  Time since last request: 0.007210 seconds.
  path: Assets/Objects/HQ_BigRock/SceneSettings.lighting
  artifactKey: Guid(da478bf90c735214b93772b5eea4d055) Importer(815301076,1909f56bfc062723c751e8b465ee728b)
Start importing Assets/Objects/HQ_BigRock/SceneSettings.lighting using Guid(da478bf90c735214b93772b5eea4d055) Importer(815301076,1909f56bfc062723c751e8b465ee728b) LightingSettings: switching bake backend from 1 to 0.
 -> (artifact id: '9aca1f52a9d3f165fae58489061dcef2') in 0.003035 seconds
  Import took 0.005111 seconds .

========================================================================
Received Import Request.
  Time since last request: 195.512745 seconds.
  path: Assets/Objects/Pistol 92/Prefabs/Pistol 92 Black.prefab
  artifactKey: Guid(050b8f89784d3b44fa285b5a719411e1) Importer(815301076,1909f56bfc062723c751e8b465ee728b)
Start importing Assets/Objects/Pistol 92/Prefabs/Pistol 92 Black.prefab using Guid(050b8f89784d3b44fa285b5a719411e1) Importer(815301076,1909f56bfc062723c751e8b465ee728b)  -> (artifact id: '08bfdfdd9943d327a8ef1a5896d3f446') in 0.570709 seconds
  Import took 0.578219 seconds .

========================================================================
Received Import Request.
  Time since last request: 1.262984 seconds.
  path: Assets/Objects/Pistol 92/Prefabs/Pistol 92 White.prefab
  artifactKey: Guid(d203906c532c7414bb2292dc2ec075b5) Importer(815301076,1909f56bfc062723c751e8b465ee728b)
Start importing Assets/Objects/Pistol 92/Prefabs/Pistol 92 White.prefab using Guid(d203906c532c7414bb2292dc2ec075b5) Importer(815301076,1909f56bfc062723c751e8b465ee728b)  -> (artifact id: 'cb74f1abef852e024540b518b89c7baa') in 0.101666 seconds
  Import took 0.110238 seconds .

AssetImportWorkerClient::OnTransportError - code=2 error=End of file
